<?xml version="1.0" encoding="UTF-8"?>
<!-- Generated by org.testng.reporters.JUnitXMLReporter -->
<testsuite hostname="DESKTOP-9PUE9EH" ignored="0" name="Test" tests="4" failures="0" timestamp="2021-12-02T18:52:21 EET" time="25.933" errors="0">
  <testcase name="basePageNavigation" time="0.134" classname="Academy.validateNavigationBar"/>
  <testcase name="basePageNavigation" time="5.869" classname="Academy.HomePage"/>
  <testcase name="basePageNavigation" time="3.213" classname="Academy.HomePage"/>
  <testcase name="basePageNavigation" time="0.049" classname="Academy.validateTitle"/>
</testsuite> <!-- Test -->
