<?xml version="1.0" encoding="UTF-8"?>
<!-- Generated by org.testng.reporters.JUnitXMLReporter -->
<testsuite hostname="DESKTOP-9PUE9EH" ignored="0" name="Validating title" tests="2" failures="1" timestamp="2021-12-07T19:54:36 EET" time="10.634" errors="0">
  <testcase name="basePageNavigation" time="0.079" classname="Academy.validateTitle"/>
  <testcase name="validateHeader" time="0.001" classname="Academy.validateTitle">
    <failure type="java.lang.NullPointerException">
      <![CDATA[java.lang.NullPointerException
at Academy.validateTitle.validateHeader(validateTitle.java:62)
at java.util.ArrayList.forEach(ArrayList.java:1259)
at java.util.concurrent.FutureTask.run(FutureTask.java:266)
at java.util.concurrent.ThreadPoolExecutor.runWorker(ThreadPoolExecutor.java:1149)
at java.util.concurrent.ThreadPoolExecutor$Worker.run(ThreadPoolExecutor.java:624)
at java.lang.Thread.run(Thread.java:748)
... Removed 18 stack frames]]>
    </failure>
  </testcase> <!-- validateHeader -->
</testsuite> <!-- Validating title -->
