-------------------------------------------------------------------------------
Test set: TestSuite
-------------------------------------------------------------------------------
Tests run: 3, Failures: 1, Errors: 0, Skipped: 0, Time elapsed: 22.192 s <<< FAILURE! - in TestSuite
Academy.validateTitle.validateHeader  Time elapsed: 0.42 s  <<< FAILURE!
java.lang.NullPointerException
	at Academy.validateTitle.validateHeader(validateTitle.java:62)

