<?xml version="1.0" encoding="UTF-8"?>
<testng-results skipped="0" failed="1" ignored="0" total="3" passed="2">
  <reporter-output>
  </reporter-output>
  <suite name="Suite" duration-ms="10634" started-at="2021-12-07T19:54:26 EET" finished-at="2021-12-07T19:54:36 EET">
    <groups>
    </groups>
    <test name="App test" duration-ms="22" started-at="2021-12-07T19:54:26 EET" finished-at="2021-12-07T19:54:26 EET">
    </test> <!-- App test -->
    <test name="Validate Navigation" duration-ms="10066" started-at="2021-12-07T19:54:26 EET" finished-at="2021-12-07T19:54:36 EET">
      <class name="Academy.validateNavigationBar">
        <test-method status="PASS" signature="initialize()[pri:0, instance:Academy.validateNavigationBar@158853c]" name="initialize" is-config="true" duration-ms="9766" started-at="2021-12-07T19:54:26 EET" finished-at="2021-12-07T19:54:35 EET">
          <reporter-output>
          </reporter-output>
        </test-method> <!-- initialize -->
        <test-method status="PASS" signature="basePageNavigation()[pri:0, instance:Academy.validateNavigationBar@158853c]" name="basePageNavigation" duration-ms="134" started-at="2021-12-07T19:54:35 EET" finished-at="2021-12-07T19:54:36 EET">
          <reporter-output>
          </reporter-output>
        </test-method> <!-- basePageNavigation -->
        <test-method status="PASS" signature="teardown()[pri:0, instance:Academy.validateNavigationBar@158853c]" name="teardown" is-config="true" duration-ms="133" started-at="2021-12-07T19:54:36 EET" finished-at="2021-12-07T19:54:36 EET">
          <reporter-output>
          </reporter-output>
        </test-method> <!-- teardown -->
      </class> <!-- Academy.validateNavigationBar -->
    </test> <!-- Validate Navigation -->
    <test name="Validating title" duration-ms="10634" started-at="2021-12-07T19:54:26 EET" finished-at="2021-12-07T19:54:36 EET">
      <class name="Academy.validateTitle">
        <test-method status="PASS" signature="initialize()[pri:0, instance:Academy.validateTitle@804139]" name="initialize" is-config="true" duration-ms="10028" started-at="2021-12-07T19:54:26 EET" finished-at="2021-12-07T19:54:36 EET">
          <reporter-output>
          </reporter-output>
        </test-method> <!-- initialize -->
        <test-method status="PASS" signature="basePageNavigation()[pri:0, instance:Academy.validateTitle@804139]" name="basePageNavigation" duration-ms="79" started-at="2021-12-07T19:54:36 EET" finished-at="2021-12-07T19:54:36 EET">
          <reporter-output>
          </reporter-output>
        </test-method> <!-- basePageNavigation -->
        <test-method status="FAIL" signature="validateHeader()[pri:0, instance:Academy.validateTitle@804139]" name="validateHeader" duration-ms="1" started-at="2021-12-07T19:54:36 EET" finished-at="2021-12-07T19:54:36 EET">
          <exception class="java.lang.NullPointerException">
            <full-stacktrace>
              <![CDATA[java.lang.NullPointerException
at Academy.validateTitle.validateHeader(validateTitle.java:62)
at sun.reflect.NativeMethodAccessorImpl.invoke0(Native Method)
at sun.reflect.NativeMethodAccessorImpl.invoke(NativeMethodAccessorImpl.java:62)
at sun.reflect.DelegatingMethodAccessorImpl.invoke(DelegatingMethodAccessorImpl.java:43)
at java.lang.reflect.Method.invoke(Method.java:498)
at org.testng.internal.MethodInvocationHelper.invokeMethod(MethodInvocationHelper.java:133)
at org.testng.internal.TestInvoker.invokeMethod(TestInvoker.java:598)
at org.testng.internal.TestInvoker.invokeTestMethod(TestInvoker.java:173)
at org.testng.internal.MethodRunner.runInSequence(MethodRunner.java:46)
at org.testng.internal.TestInvoker$MethodInvocationAgent.invoke(TestInvoker.java:824)
at org.testng.internal.TestInvoker.invokeTestMethods(TestInvoker.java:146)
at org.testng.internal.TestMethodWorker.invokeTestMethods(TestMethodWorker.java:146)
at org.testng.internal.TestMethodWorker.run(TestMethodWorker.java:128)
at java.util.ArrayList.forEach(ArrayList.java:1259)
at org.testng.TestRunner.privateRun(TestRunner.java:794)
at org.testng.TestRunner.run(TestRunner.java:596)
at org.testng.SuiteRunner.runTest(SuiteRunner.java:377)
at org.testng.SuiteRunner.access$000(SuiteRunner.java:28)
at org.testng.SuiteRunner$SuiteWorker.run(SuiteRunner.java:418)
at org.testng.internal.thread.ThreadUtil.lambda$execute$0(ThreadUtil.java:64)
at java.util.concurrent.FutureTask.run(FutureTask.java:266)
at java.util.concurrent.ThreadPoolExecutor.runWorker(ThreadPoolExecutor.java:1149)
at java.util.concurrent.ThreadPoolExecutor$Worker.run(ThreadPoolExecutor.java:624)
at java.lang.Thread.run(Thread.java:748)
]]>
            </full-stacktrace>
          </exception> <!-- java.lang.NullPointerException -->
          <reporter-output>
          </reporter-output>
        </test-method> <!-- validateHeader -->
        <test-method status="PASS" signature="teardown()[pri:0, instance:Academy.validateTitle@804139]" name="teardown" is-config="true" duration-ms="83" started-at="2021-12-07T19:54:36 EET" finished-at="2021-12-07T19:54:36 EET">
          <reporter-output>
          </reporter-output>
        </test-method> <!-- teardown -->
      </class> <!-- Academy.validateTitle -->
    </test> <!-- Validating title -->
  </suite> <!-- Suite -->
</testng-results>
